#
# A fatal error has been detected by the Java Runtime Environment:
#
#  Internal Error (javaClasses.cpp:136), pid=6456, tid=7792
#  fatal error: Invalid layout of preloaded class
#
# JRE version:  (7.0_51-b13) (build )
# Java VM: Java HotSpot(TM) Client VM (24.51-b03 mixed mode windows-x86 )
# Failed to write core dump. Minidumps are not enabled by default on client versions of Windows
#
# If you would like to submit a bug report, please visit:
#   http://bugreport.sun.com/bugreport/crash.jsp
#

---------------  T H R E A D  ---------------

Current thread (0x019fc400):  JavaThread "Unknown thread" [_thread_in_vm, id=7792, stack(0x011b0000,0x01200000)]

Stack: [0x011b0000,0x01200000],  sp=0x011ff3e4,  free space=316k
Native frames: (J=compiled Java code, j=interpreted, Vv=VM code, C=native code)
V  [jvm.dll+0x18e0f1]
V  [jvm.dll+0x187e66]
V  [jvm.dll+0x3586a]
V  [jvm.dll+0x358f6]
V  [jvm.dll+0x4400d]
V  [jvm.dll+0x442be]
V  [jvm.dll+0x9263a]
V  [jvm.dll+0x929eb]
V  [jvm.dll+0x13dc51]
V  [jvm.dll+0x16076c]
V  [jvm.dll+0xc8ebf]
C  [javaw.exe+0x13ce]
C  [javaw.exe+0x1e40]
C  [javaw.exe+0xa5b1]
C  [javaw.exe+0xa63b]
C  [kernel32.dll+0x4ed5c]
C  [ntdll.dll+0x637eb]
C  [ntdll.dll+0x637be]


---------------  P R O C E S S  ---------------

Java Threads: ( => current thread )

Other Threads:

=>0x019fc400 (exited) JavaThread "Unknown thread" [_thread_in_vm, id=7792, stack(0x011b0000,0x01200000)]

VM state:not at safepoint (not fully initialized)

VM Mutex/Monitor currently owned by a thread: None

GC Heap History (0 events):
No events

Deoptimization events (0 events):
No events

Internal exceptions (0 events):
No events

Events (10 events):
Event: 0.009 loading class 0x018c8e10 done
Event: 0.010 loading class 0x018c88a0 done
Event: 0.010 loading class 0x018c8880
Event: 0.010 loading class 0x018cfbc8
Event: 0.010 loading class 0x018cfbc8 done
Event: 0.010 loading class 0x018cfbf8
Event: 0.010 loading class 0x018cfbf8 done
Event: 0.010 loading class 0x018cfc28
Event: 0.010 loading class 0x018cfc28 done
Event: 0.010 loading class 0x018c8880 done


Dynamic libraries:
0x012b0000 - 0x012df000 	C:\Program Files\Java\jre7\bin\javaw.exe
0x77af0000 - 0x77c2c000 	C:\windows\SYSTEM32\ntdll.dll
0x77880000 - 0x77954000 	C:\windows\system32\kernel32.dll
0x75c60000 - 0x75cab000 	C:\windows\system32\KERNELBASE.dll
0x77c70000 - 0x77d10000 	C:\windows\system32\ADVAPI32.dll
0x77960000 - 0x77a0c000 	C:\windows\system32\msvcrt.dll
0x77c50000 - 0x77c69000 	C:\windows\SYSTEM32\sechost.dll
0x76000000 - 0x760a2000 	C:\windows\system32\RPCRT4.dll
0x77750000 - 0x77819000 	C:\windows\system32\USER32.dll
0x774b0000 - 0x774fe000 	C:\windows\system32\GDI32.dll
0x77d10000 - 0x77d1a000 	C:\windows\system32\LPK.dll
0x77410000 - 0x774ad000 	C:\windows\system32\USP10.dll
0x748a0000 - 0x74a3e000 	C:\windows\WinSxS\x86_microsoft.windows.common-controls_6595b64144ccf1df_6.0.7601.17514_none_41e6975e2bd6f2b2\COMCTL32.dll
0x77820000 - 0x77877000 	C:\windows\system32\SHLWAPI.dll
0x77c30000 - 0x77c4f000 	C:\windows\system32\IMM32.DLL
0x770f0000 - 0x771bc000 	C:\windows\system32\MSCTF.dll
0x63470000 - 0x6352f000 	C:\Program Files\Java\jre7\bin\msvcr100.dll
0x5cd00000 - 0x5d080000 	C:\Program Files\Java\jre7\bin\client\jvm.dll
0x71af0000 - 0x71af7000 	C:\windows\system32\WSOCK32.dll
0x76110000 - 0x76145000 	C:\windows\system32\WS2_32.dll
0x760c0000 - 0x760c6000 	C:\windows\system32\NSI.dll
0x73b60000 - 0x73b92000 	C:\windows\system32\WINMM.dll
0x760b0000 - 0x760b5000 	C:\windows\system32\PSAPI.DLL
0x72430000 - 0x7243c000 	C:\Program Files\Java\jre7\bin\verify.dll
0x70130000 - 0x70150000 	C:\Program Files\Java\jre7\bin\java.dll
0x6cb20000 - 0x6cb33000 	C:\Program Files\Java\jre7\bin\zip.dll
0x70350000 - 0x7043b000 	C:\windows\system32\dbghelp.dll

VM Arguments:
jvm_args: -Dfile.encoding=utf-8 -Xbootclasspath:D:\adt-bundle-windows-x86-20131030\sdk\platforms\android-10\android.jar 
java_command: com.sdutlinux.utils.Time
Launcher Type: SUN_STANDARD

Environment Variables:
JAVA_HOME=D:\JDK7
CLASSPATH=.;C:\Program Files\QuickTime\QTSystem\QTJava.zip.;JAVA_HOME\lib
PATH=C:/Program Files/Java/jre7/bin/client;C:/Program Files/Java/jre7/bin;C:/Program Files/Java/jre7/lib/i386;D:\ruby\bin;C:\Program Files\Common Files\NetSarang;C:\windows\system32;C:\windows;C:\windows\System32\Wbem;C:\windows\System32\WindowsPowerShell\v1.0\;C:\Program Files\Intel\OpenCL SDK\3.0\bin\x86;C:\Program Files\QuickTime\QTSystem\:JAVA_HOME\bin;D:\adt-bundle-windows-x86-20131030\eclipse;
USERNAME=Administrator
OS=Windows_NT
PROCESSOR_IDENTIFIER=x86 Family 6 Model 58 Stepping 9, GenuineIntel



---------------  S Y S T E M  ---------------

OS: Windows 7 Build 7601 Service Pack 1

CPU:total 4 (2 cores per cpu, 2 threads per core) family 6 model 58 stepping 9, cmov, cx8, fxsr, mmx, sse, sse2, sse3, ssse3, sse4.1, sse4.2, popcnt, avx, erms, ht, tsc, tscinvbit, tscinv

Memory: 4k page, physical 3497780k(971852k free), swap 8740956k(4540040k free)

vm_info: Java HotSpot(TM) Client VM (24.51-b03) for windows-x86 JRE (1.7.0_51-b13), built on Dec 18 2013 19:09:58 by "java_re" with unknown MS VC++:1600

time: Tue Apr 08 09:12:45 2014
elapsed time: 0 seconds

